<?xml version="1.0" encoding="UTF-8"?>
<!-- Generated by org.testng.reporters.JUnitReportReporter -->
<testsuite hostname="DESKTOP-LRHE4JK" failures="0" tests="61" name="Runner.TestRunner" time="836.786" errors="0" timestamp="2023-08-23T17:16:11 IST" skipped="0">
  <testcase classname="Runner.TestRunner" name="runScenario" time="22.721"/>
  <testcase classname="Runner.TestRunner" name="runScenario" time="12.767"/>
  <testcase classname="Runner.TestRunner" name="runScenario" time="11.680"/>
  <testcase classname="Runner.TestRunner" name="runScenario" time="5.605"/>
  <testcase classname="Runner.TestRunner" name="runScenario" time="23.072"/>
  <testcase classname="Runner.TestRunner" name="runScenario" time="7.594"/>
  <testcase classname="Runner.TestRunner" name="runScenario" time="15.986"/>
  <testcase classname="Runner.TestRunner" name="runScenario" time="13.720"/>
  <testcase classname="Runner.TestRunner" name="runScenario" time="13.303"/>
  <testcase classname="Runner.TestRunner" name="runScenario" time="34.552"/>
  <testcase classname="Runner.TestRunner" name="runScenario" time="16.849"/>
  <testcase classname="Runner.TestRunner" name="runScenario" time="5.927"/>
  <testcase classname="Runner.TestRunner" name="runScenario" time="3.699"/>
  <testcase classname="Runner.TestRunner" name="runScenario" time="5.113"/>
  <testcase classname="Runner.TestRunner" name="runScenario" time="13.758"/>
  <testcase classname="Runner.TestRunner" name="runScenario" time="15.523"/>
  <testcase classname="Runner.TestRunner" name="runScenario" time="13.118"/>
  <testcase classname="Runner.TestRunner" name="runScenario" time="7.723"/>
  <testcase classname="Runner.TestRunner" name="runScenario" time="14.893"/>
  <testcase classname="Runner.TestRunner" name="runScenario" time="30.385"/>
  <testcase classname="Runner.TestRunner" name="runScenario" time="13.362"/>
  <testcase classname="Runner.TestRunner" name="runScenario" time="16.968"/>
  <testcase classname="Runner.TestRunner" name="runScenario" time="10.406"/>
  <testcase classname="Runner.TestRunner" name="runScenario" time="3.371"/>
  <testcase classname="Runner.TestRunner" name="runScenario" time="10.054"/>
  <testcase classname="Runner.TestRunner" name="runScenario" time="11.623"/>
  <testcase classname="Runner.TestRunner" name="runScenario" time="19.454"/>
  <testcase classname="Runner.TestRunner" name="runScenario" time="14.958"/>
  <testcase classname="Runner.TestRunner" name="runScenario" time="4.168"/>
  <testcase classname="Runner.TestRunner" name="runScenario" time="7.147"/>
  <testcase classname="Runner.TestRunner" name="runScenario" time="5.040"/>
  <testcase classname="Runner.TestRunner" name="runScenario" time="15.155"/>
  <testcase classname="Runner.TestRunner" name="runScenario" time="9.610"/>
  <testcase classname="Runner.TestRunner" name="runScenario" time="12.395"/>
  <testcase classname="Runner.TestRunner" name="runScenario" time="17.263"/>
  <testcase classname="Runner.TestRunner" name="runScenario" time="2.677"/>
  <testcase classname="Runner.TestRunner" name="runScenario" time="13.967"/>
  <testcase classname="Runner.TestRunner" name="runScenario" time="15.324"/>
  <testcase classname="Runner.TestRunner" name="runScenario" time="41.538"/>
  <testcase classname="Runner.TestRunner" name="runScenario" time="12.191"/>
  <testcase classname="Runner.TestRunner" name="runScenario" time="17.484"/>
  <testcase classname="Runner.TestRunner" name="runScenario" time="2.230"/>
  <testcase classname="Runner.TestRunner" name="runScenario" time="11.610"/>
  <testcase classname="Runner.TestRunner" name="runScenario" time="20.451"/>
  <testcase classname="Runner.TestRunner" name="runScenario" time="22.201"/>
  <testcase classname="Runner.TestRunner" name="runScenario" time="11.544"/>
  <testcase classname="Runner.TestRunner" name="runScenario" time="2.982"/>
  <testcase classname="Runner.TestRunner" name="runScenario" time="14.115"/>
  <testcase classname="Runner.TestRunner" name="runScenario" time="5.206"/>
  <testcase classname="Runner.TestRunner" name="runScenario" time="17.350"/>
  <testcase classname="Runner.TestRunner" name="runScenario" time="12.609"/>
  <testcase classname="Runner.TestRunner" name="runScenario" time="46.232"/>
  <testcase classname="Runner.TestRunner" name="runScenario" time="14.390"/>
  <testcase classname="Runner.TestRunner" name="runScenario" time="4.572"/>
  <testcase classname="Runner.TestRunner" name="runScenario" time="13.595"/>
  <testcase classname="Runner.TestRunner" name="runScenario" time="13.805"/>
  <testcase classname="Runner.TestRunner" name="runScenario" time="5.635"/>
  <testcase classname="Runner.TestRunner" name="runScenario" time="27.330"/>
  <testcase classname="Runner.TestRunner" name="runScenario" time="6.023"/>
  <testcase classname="Runner.TestRunner" name="runScenario" time="13.840"/>
  <testcase classname="Runner.TestRunner" name="runScenario" time="8.923"/>
</testsuite> <!-- Runner.TestRunner -->
